1615996319949	mozrunner::runner	INFO	Running command: "/usr/bin/firefox" "-marionette" "-foreground" "-no-remote" "-profile" "/tmp/rust_mozprofile3SwH8J"
Unable to init server: Broadway display type not supported: unixneeds-to-be-defined
Error: cannot open display: unixneeds-to-be-defined
1615996396899	mozrunner::runner	INFO	Running command: "/usr/bin/firefox" "-marionette" "-foreground" "-no-remote" "-profile" "/tmp/rust_mozprofileHd4E9m"
Unable to init server: Broadway display type not supported: unixneeds-to-be-defined
Error: cannot open display: unixneeds-to-be-defined
1615996897121	mozrunner::runner	INFO	Running command: "/usr/bin/firefox" "-marionette" "-foreground" "-no-remote" "-profile" "/tmp/rust_mozprofileAC6gLj"
Unable to init server: Broadway display type not supported: unixneeds-to-be-defined
Error: cannot open display: unixneeds-to-be-defined
1615996934315	mozrunner::runner	INFO	Running command: "/usr/bin/firefox" "-marionette" "-foreground" "-no-remote" "-profile" "/tmp/rust_mozprofileM3JB3z"
Unable to init server: Broadway display type not supported: unixneeds-to-be-defined
Error: cannot open display: unixneeds-to-be-defined
1615997022311	mozrunner::runner	INFO	Running command: "/usr/bin/firefox" "-marionette" "-headless" "-foreground" "-no-remote" "-profile" "/tmp/rust_mozprofileP525OX"
*** You are running in headless mode.
[GFX1-]: glxtest: libpci missing
[GFX1-]: glxtest: Unable to open a connection to the X server
[GFX1-]: glxtest: libEGL initialize failed
[GFX1-]: No GPUs detected via PCI

(/usr/lib/firefox/firefox:30030): GLib-GObject-CRITICAL **: 16:03:43.035: g_object_set: assertion 'G_IS_OBJECT (object)' failed

(/usr/lib/firefox/firefox:30055): GLib-GObject-CRITICAL **: 16:03:43.114: g_object_set: assertion 'G_IS_OBJECT (object)' failed
console.warn: SearchSettings: "get: No settings file exists, new profile?" (new Error("", "(unknown module)"))
1615997024099	Marionette	INFO	Listening on port 41349
1615997024137	Marionette	WARN	TLS certificate errors will be ignored for this session

(/usr/lib/firefox/firefox:30135): GLib-GObject-CRITICAL **: 16:03:44.149: g_object_set: assertion 'G_IS_OBJECT (object)' failed
JavaScript warning: https://cdn.bluebillywig.com/apps/player/20210308.155412/player.js, line 1: unreachable code after return statement
JavaScript warning: https://cdn.bluebillywig.com/apps/player/20210308.155412/player.js line 281 > eval, line 1: WebGL warning: <Create>: Can't use WebGL in headless mode (https://bugzil.la/1375585).
JavaScript warning: https://cdn.bluebillywig.com/apps/player/20210308.155412/player.js line 281 > eval, line 1: Failed to create WebGL context: WebGL creation failed: 
* Can't use WebGL in headless mode (https://bugzil.la/1375585).
1615997050237	mozrunner::runner	INFO	Running command: "/usr/bin/firefox" "-marionette" "-headless" "-foreground" "-no-remote" "-profile" "/tmp/rust_mozprofilecRANm3"
*** You are running in headless mode.
[GFX1-]: glxtest: libpci missing
[GFX1-]: glxtest: Unable to open a connection to the X server
[GFX1-]: glxtest: libEGL initialize failed
[GFX1-]: No GPUs detected via PCI

(/usr/lib/firefox/firefox:30506): GLib-GObject-CRITICAL **: 16:04:10.965: g_object_set: assertion 'G_IS_OBJECT (object)' failed

(/usr/lib/firefox/firefox:30531): GLib-GObject-CRITICAL **: 16:04:11.041: g_object_set: assertion 'G_IS_OBJECT (object)' failed
console.warn: SearchSettings: "get: No settings file exists, new profile?" (new Error("", "(unknown module)"))
1615997051931	Marionette	INFO	Listening on port 40183
1615997051963	Marionette	WARN	TLS certificate errors will be ignored for this session

(/usr/lib/firefox/firefox:30612): GLib-GObject-CRITICAL **: 16:04:12.068: g_object_set: assertion 'G_IS_OBJECT (object)' failed
JavaScript warning: https://cdn.bluebillywig.com/apps/player/20210308.155412/player.js, line 1: unreachable code after return statement
JavaScript warning: https://cdn.bluebillywig.com/apps/player/20210308.155412/player.js line 281 > eval, line 1: WebGL warning: <Create>: Can't use WebGL in headless mode (https://bugzil.la/1375585).
JavaScript warning: https://cdn.bluebillywig.com/apps/player/20210308.155412/player.js line 281 > eval, line 1: Failed to create WebGL context: WebGL creation failed: 
* Can't use WebGL in headless mode (https://bugzil.la/1375585).
1615997248619	mozrunner::runner	INFO	Running command: "/usr/bin/firefox" "-marionette" "-headless" "-foreground" "-no-remote" "-profile" "/tmp/rust_mozprofile6razdM"
*** You are running in headless mode.
[GFX1-]: glxtest: libpci missing
[GFX1-]: glxtest: Unable to open a connection to the X server
[GFX1-]: glxtest: libEGL initialize failed
[GFX1-]: No GPUs detected via PCI

(/usr/lib/firefox/firefox:32448): GLib-GObject-CRITICAL **: 16:07:29.412: g_object_set: assertion 'G_IS_OBJECT (object)' failed

(/usr/lib/firefox/firefox:32473): GLib-GObject-CRITICAL **: 16:07:29.496: g_object_set: assertion 'G_IS_OBJECT (object)' failed
console.warn: SearchSettings: "get: No settings file exists, new profile?" (new Error("", "(unknown module)"))
1615997250485	Marionette	INFO	Listening on port 43665

(/usr/lib/firefox/firefox:32558): GLib-GObject-CRITICAL **: 16:07:30.529: g_object_set: assertion 'G_IS_OBJECT (object)' failed
1615997250549	Marionette	WARN	TLS certificate errors will be ignored for this session
JavaScript warning: https://cdn.bluebillywig.com/apps/player/20210308.155412/player.js, line 1: unreachable code after return statement
JavaScript warning: https://cdn.bluebillywig.com/apps/player/20210308.155412/player.js line 281 > eval, line 1: WebGL warning: <Create>: Can't use WebGL in headless mode (https://bugzil.la/1375585).
JavaScript warning: https://cdn.bluebillywig.com/apps/player/20210308.155412/player.js line 281 > eval, line 1: Failed to create WebGL context: WebGL creation failed: 
* Can't use WebGL in headless mode (https://bugzil.la/1375585).
1615997269453	mozrunner::runner	INFO	Running command: "/usr/bin/firefox" "-marionette" "-headless" "-foreground" "-no-remote" "-profile" "/tmp/rust_mozprofilekX5pQg"
*** You are running in headless mode.
[GFX1-]: glxtest: libpci missing
[GFX1-]: glxtest: Unable to open a connection to the X server
[GFX1-]: glxtest: libEGL initialize failed
[GFX1-]: No GPUs detected via PCI

(/usr/lib/firefox/firefox:382): GLib-GObject-CRITICAL **: 16:07:50.191: g_object_set: assertion 'G_IS_OBJECT (object)' failed

(/usr/lib/firefox/firefox:406): GLib-GObject-CRITICAL **: 16:07:50.260: g_object_set: assertion 'G_IS_OBJECT (object)' failed
console.warn: SearchSettings: "get: No settings file exists, new profile?" (new Error("", "(unknown module)"))
1615997271233	Marionette	INFO	Listening on port 42223

(/usr/lib/firefox/firefox:491): GLib-GObject-CRITICAL **: 16:07:51.276: g_object_set: assertion 'G_IS_OBJECT (object)' failed
1615997271279	Marionette	WARN	TLS certificate errors will be ignored for this session
JavaScript warning: https://cdn.bluebillywig.com/apps/player/20210308.155412/player.js, line 1: unreachable code after return statement
JavaScript warning: https://cdn.bluebillywig.com/apps/player/20210308.155412/player.js line 281 > eval, line 1: WebGL warning: <Create>: Can't use WebGL in headless mode (https://bugzil.la/1375585).
JavaScript warning: https://cdn.bluebillywig.com/apps/player/20210308.155412/player.js line 281 > eval, line 1: Failed to create WebGL context: WebGL creation failed: 
* Can't use WebGL in headless mode (https://bugzil.la/1375585).
1615997292364	mozrunner::runner	INFO	Running command: "/usr/bin/firefox" "-marionette" "-headless" "-foreground" "-no-remote" "-profile" "/tmp/rust_mozprofileD1MDUI"
*** You are running in headless mode.
[GFX1-]: glxtest: libpci missing
[GFX1-]: glxtest: Unable to open a connection to the X server
[GFX1-]: glxtest: libEGL initialize failed
[GFX1-]: No GPUs detected via PCI

(/usr/lib/firefox/firefox:826): GLib-GObject-CRITICAL **: 16:08:13.420: g_object_set: assertion 'G_IS_OBJECT (object)' failed

(/usr/lib/firefox/firefox:855): GLib-GObject-CRITICAL **: 16:08:13.501: g_object_set: assertion 'G_IS_OBJECT (object)' failed
console.warn: SearchSettings: "get: No settings file exists, new profile?" (new Error("", "(unknown module)"))
1615997294533	Marionette	INFO	Listening on port 34405

(/usr/lib/firefox/firefox:934): GLib-GObject-CRITICAL **: 16:08:14.580: g_object_set: assertion 'G_IS_OBJECT (object)' failed
1615997294595	Marionette	WARN	TLS certificate errors will be ignored for this session
JavaScript warning: https://cdn.bluebillywig.com/apps/player/20210308.155412/player.js, line 1: unreachable code after return statement
JavaScript warning: https://cdn.bluebillywig.com/apps/player/20210308.155412/player.js line 281 > eval, line 1: WebGL warning: <Create>: Can't use WebGL in headless mode (https://bugzil.la/1375585).
JavaScript warning: https://cdn.bluebillywig.com/apps/player/20210308.155412/player.js line 281 > eval, line 1: Failed to create WebGL context: WebGL creation failed: 
* Can't use WebGL in headless mode (https://bugzil.la/1375585).
console.log: WebExtensions: reset-default-search: No addons in our list are installed.
console.log: WebExtensions: reset-default-search: No addons in our list are installed.
console.log: WebExtensions: reset-default-search: No addons in our list are installed.
console.log: WebExtensions: reset-default-search: No addons in our list are installed.
console.log: WebExtensions: reset-default-search: No addons in our list are installed.
1616007631757	mozrunner::runner	INFO	Running command: "/usr/bin/firefox" "-marionette" "-headless" "-foreground" "-no-remote" "-profile" "/tmp/rust_mozprofile7yWWPh"
*** You are running in headless mode.
[GFX1-]: glxtest: libpci missing
[GFX1-]: glxtest: Unable to open a connection to the X server
[GFX1-]: glxtest: libEGL initialize failed
[GFX1-]: No GPUs detected via PCI

(/usr/lib/firefox/firefox:28710): GLib-GObject-CRITICAL **: 19:00:32.523: g_object_set: assertion 'G_IS_OBJECT (object)' failed

(/usr/lib/firefox/firefox:28732): GLib-GObject-CRITICAL **: 19:00:32.602: g_object_set: assertion 'G_IS_OBJECT (object)' failed
console.warn: SearchSettings: "get: No settings file exists, new profile?" (new Error("", "(unknown module)"))
1616007633571	Marionette	INFO	Listening on port 33945

(/usr/lib/firefox/firefox:28813): GLib-GObject-CRITICAL **: 19:00:33.579: g_object_set: assertion 'G_IS_OBJECT (object)' failed
1616007633682	Marionette	WARN	TLS certificate errors will be ignored for this session
JavaScript warning: https://cdn.bluebillywig.com/apps/player/20210308.155412/player.js, line 1: unreachable code after return statement
JavaScript warning: https://cdn.bluebillywig.com/apps/player/20210308.155412/player.js line 281 > eval, line 1: WebGL warning: <Create>: Can't use WebGL in headless mode (https://bugzil.la/1375585).
JavaScript warning: https://cdn.bluebillywig.com/apps/player/20210308.155412/player.js line 281 > eval, line 1: Failed to create WebGL context: WebGL creation failed: 
* Can't use WebGL in headless mode (https://bugzil.la/1375585).
console.log: WebExtensions: reset-default-search: No addons in our list are installed.
1616008301900	mozrunner::runner	INFO	Running command: "/usr/bin/firefox" "-marionette" "-headless" "-foreground" "-no-remote" "-profile" "/tmp/rust_mozprofile5kzUU6"
*** You are running in headless mode.
[GFX1-]: glxtest: libpci missing
[GFX1-]: glxtest: Unable to open a connection to the X server
[GFX1-]: glxtest: libEGL initialize failed
[GFX1-]: No GPUs detected via PCI

(/usr/lib/firefox/firefox:3138): GLib-GObject-CRITICAL **: 19:11:42.612: g_object_set: assertion 'G_IS_OBJECT (object)' failed

(/usr/lib/firefox/firefox:3163): GLib-GObject-CRITICAL **: 19:11:42.701: g_object_set: assertion 'G_IS_OBJECT (object)' failed
console.warn: SearchSettings: "get: No settings file exists, new profile?" (new Error("", "(unknown module)"))
1616008303749	Marionette	INFO	Listening on port 33101

(/usr/lib/firefox/firefox:3244): GLib-GObject-CRITICAL **: 19:11:43.792: g_object_set: assertion 'G_IS_OBJECT (object)' failed
1616008303832	Marionette	WARN	TLS certificate errors will be ignored for this session
JavaScript warning: https://cdn.bluebillywig.com/apps/player/20210308.155412/player.js, line 1: unreachable code after return statement
JavaScript warning: https://cdn.bluebillywig.com/apps/player/20210308.155412/player.js line 281 > eval, line 1: WebGL warning: <Create>: Can't use WebGL in headless mode (https://bugzil.la/1375585).
JavaScript warning: https://cdn.bluebillywig.com/apps/player/20210308.155412/player.js line 281 > eval, line 1: Failed to create WebGL context: WebGL creation failed: 
* Can't use WebGL in headless mode (https://bugzil.la/1375585).
1616008311028	mozrunner::runner	INFO	Running command: "/usr/bin/firefox" "-marionette" "-headless" "-foreground" "-no-remote" "-profile" "/tmp/rust_mozprofilerVAJPs"
*** You are running in headless mode.
[GFX1-]: glxtest: libpci missing
[GFX1-]: glxtest: Unable to open a connection to the X server
[GFX1-]: glxtest: libEGL initialize failed
[GFX1-]: No GPUs detected via PCI

(/usr/lib/firefox/firefox:3442): GLib-GObject-CRITICAL **: 19:11:51.916: g_object_set: assertion 'G_IS_OBJECT (object)' failed

(/usr/lib/firefox/firefox:3469): GLib-GObject-CRITICAL **: 19:11:51.994: g_object_set: assertion 'G_IS_OBJECT (object)' failed
console.warn: SearchSettings: "get: No settings file exists, new profile?" (new Error("", "(unknown module)"))
1616008313003	Marionette	INFO	Listening on port 35969

(/usr/lib/firefox/firefox:3552): GLib-GObject-CRITICAL **: 19:11:53.036: g_object_set: assertion 'G_IS_OBJECT (object)' failed
1616008313059	Marionette	WARN	TLS certificate errors will be ignored for this session
JavaScript warning: https://cdn.bluebillywig.com/apps/player/20210308.155412/player.js, line 1: unreachable code after return statement
JavaScript warning: https://cdn.bluebillywig.com/apps/player/20210308.155412/player.js line 281 > eval, line 1: WebGL warning: <Create>: Can't use WebGL in headless mode (https://bugzil.la/1375585).
JavaScript warning: https://cdn.bluebillywig.com/apps/player/20210308.155412/player.js line 281 > eval, line 1: Failed to create WebGL context: WebGL creation failed: 
* Can't use WebGL in headless mode (https://bugzil.la/1375585).
1616008321327	mozrunner::runner	INFO	Running command: "/usr/bin/firefox" "-marionette" "-headless" "-foreground" "-no-remote" "-profile" "/tmp/rust_mozprofileUN21w9"
*** You are running in headless mode.
[GFX1-]: glxtest: libpci missing
[GFX1-]: glxtest: Unable to open a connection to the X server
[GFX1-]: glxtest: libEGL initialize failed
[GFX1-]: No GPUs detected via PCI

(/usr/lib/firefox/firefox:3761): GLib-GObject-CRITICAL **: 19:12:02.180: g_object_set: assertion 'G_IS_OBJECT (object)' failed

(/usr/lib/firefox/firefox:3786): GLib-GObject-CRITICAL **: 19:12:02.287: g_object_set: assertion 'G_IS_OBJECT (object)' failed
console.warn: SearchSettings: "get: No settings file exists, new profile?" (new Error("", "(unknown module)"))
1616008323497	Marionette	INFO	Listening on port 45791

(/usr/lib/firefox/firefox:3869): GLib-GObject-CRITICAL **: 19:12:03.503: g_object_set: assertion 'G_IS_OBJECT (object)' failed
1616008323557	Marionette	WARN	TLS certificate errors will be ignored for this session
JavaScript warning: https://cdn.bluebillywig.com/apps/player/20210308.155412/player.js, line 1: unreachable code after return statement
JavaScript warning: https://cdn.bluebillywig.com/apps/player/20210308.155412/player.js line 281 > eval, line 1: WebGL warning: <Create>: Can't use WebGL in headless mode (https://bugzil.la/1375585).
JavaScript warning: https://cdn.bluebillywig.com/apps/player/20210308.155412/player.js line 281 > eval, line 1: Failed to create WebGL context: WebGL creation failed: 
* Can't use WebGL in headless mode (https://bugzil.la/1375585).
console.log: WebExtensions: reset-default-search: No addons in our list are installed.
console.log: WebExtensions: reset-default-search: No addons in our list are installed.
console.log: WebExtensions: reset-default-search: No addons in our list are installed.
